The Godfather,Francis Ford Coppola,1972,5.0,Drama
The Shawshank Redemption,Frank Darabont,1994,1.0,Drama
The Dark Knight,Christopher Nolan,2008,5.0,Action
Schindler's List,Steven Spielberg,1993,6.0,Drama
The Lord of the Rings: The Fellowship of the Ring,Peter Jackson,2001,8.0,Fantasy
The Lord of the Rings: The Two Towers,Peter Jackson,2002,4.0,Fantasy
The Lord of the Rings: The Return of the King,Peter Jackson,2003,3.0,Fantasy
Forrest Gump,Robert Zemeckis,1994,5.0,ComedyDrama
The Matrix,The Wachowskis,1999,9.0,ScienceFiction
Pulp Fiction,Quentin Tarantino,1994,4.0,Crime
The Silence of the Lambs,Jonathan Demme,1991,5.0,Thriller
Goodfellas,Martin Scorsese,1990,5.0,Crime
The Usual Suspects,Bryan Singer,1995,6.0,Thriller
The Green Mile,Frank Darabont,1999,6.0,Drama
Fight Club,David Fincher,1999,6.0,Drama
The Prestige,Christopher Nolan,2006,6.0,Drama
Inception,Christopher Nolan,2010,6.0,ScienceFiction
The Departed,Martin Scorsese,2006,6.0,Crime
Joker,Todd Phillips,2019,6.0,Thriller
The Intouchables,Olivier Nakache and Éric Toledano,2011,6.0,ComedyDrama
La La Land,Damien Chazelle,2016,6.0,Musical
hfahrf,shjfaw,2334,6.0,Horror
